-------------------------------------------------
O876 Modulable Server - dev version 2015-02-04
[2016-11-11T22:28:42.567Z] [T] channel "general" created
[2016-11-11T22:28:42.568Z] txat system online
[2016-11-11T22:28:42.586Z] server is listening on port 6616...
-------------------------------------------------
O876 Modulable Server - dev version 2015-02-04
[2016-11-21T09:54:19.669Z] [T] channel "general" created
[2016-11-21T09:54:19.670Z] txat system online
[2016-11-21T09:54:19.675Z] server is listening on port 6616...
-------------------------------------------------
O876 Modulable Server - dev version 2015-02-04
[2016-11-21T12:53:45.090Z] [T] channel "general" created
[2016-11-21T12:53:45.092Z] txat system online
[2016-11-21T12:53:45.120Z] server is listening on port 6616...
[2016-11-21T12:53:59.428Z] [Socket] registering #1
[2016-11-21T12:53:59.430Z] [T] user "ralphy" connected
[2016-11-21T12:53:59.432Z] [T] user "ralphy" has joined channel "general"
[2016-11-21T12:54:05.601Z] [T] user "ralphy" has left channel "general"
[2016-11-21T12:54:05.602Z] [T] user "ralphy" disconnected
[2016-11-21T12:54:05.602Z] [Socket] closing #1
